<?xml version="1.0" encoding="UTF-8"?>
<!-- Generated by org.testng.reporters.JUnitXMLReporter -->
<testsuite ignored="7" hostname="Manishas-MacBook-Pro.local" failures="0" tests="1" name="Default test" time="2.023" errors="0" timestamp="2023-12-01T22:58:47 PST">
  <testcase classname="com.nov.tests.finaltest.LoginToGithub" name="nonexistdelRepo" time="1.536"/>
  <testcase classname="com.nov.tests.finaltest.LoginToGithub" name="getSingleNonExistRepo" time="0.0">
    <ignored/>
  </testcase> <!-- getSingleNonExistRepo -->
  <testcase classname="com.nov.tests.finaltest.LoginToGithub" name="getSingleRepo" time="0.0">
    <ignored/>
  </testcase> <!-- getSingleRepo -->
  <testcase classname="com.nov.tests.finaltest.LoginToGithub" name="delRepo" time="0.0">
    <ignored/>
  </testcase> <!-- delRepo -->
  <testcase classname="com.nov.tests.finaltest.LoginToGithub" name="updateRepo" time="0.0">
    <ignored/>
  </testcase> <!-- updateRepo -->
  <testcase classname="com.nov.tests.finaltest.LoginToGithub" name="createRepo" time="0.0">
    <ignored/>
  </testcase> <!-- createRepo -->
  <testcase classname="com.nov.tests.finaltest.LoginToGithub" name="getAllRepo" time="0.0">
    <ignored/>
  </testcase> <!-- getAllRepo -->
  <testcase classname="com.nov.tests.finaltest.LoginToGithub" name="createExistRepo" time="0.0">
    <ignored/>
  </testcase> <!-- createExistRepo -->
</testsuite> <!-- Default test -->
